<?xml version="1.0" encoding="UTF-8"?>
<testng-results ignored="0" total="1" passed="1" failed="0" skipped="0">
  <reporter-output>
  </reporter-output>
  <suite started-at="2023-06-15T15:02:47 IST" name="MultiBrowserSuite" finished-at="2023-06-15T15:02:52 IST" duration-ms="4921">
    <groups>
      <group name="cucumber">
        <method signature="AbstractTestNGCucumberTests.runScenario(io.cucumber.testng.PickleWrapper,io.cucumber.testng.FeatureWrapper)[pri:0, instance:TestRunner.facebookTestRunner@248e319b]" name="runScenario" class="io.cucumber.testng.AbstractTestNGCucumberTests"/>
      </group> <!-- cucumber -->
    </groups>
    <test started-at="2023-06-15T15:02:47 IST" name="TestChrome" finished-at="2023-06-15T15:02:52 IST" duration-ms="4921">
      <class name="TestRunner.facebookTestRunner">
        <test-method is-config="true" signature="setUpClass(org.testng.ITestContext)[pri:0, instance:TestRunner.facebookTestRunner@248e319b]" started-at="2023-06-15T15:02:47 IST" name="setUpClass" finished-at="2023-06-15T15:02:47 IST" duration-ms="235" status="PASS">
          <params>
            <param index="0">
              <value>
                <![CDATA[org.testng.TestRunner@56637cff]]>
              </value>
            </param>
          </params>
          <reporter-output>
          </reporter-output>
        </test-method> <!-- setUpClass -->
        <test-method signature="runScenario(io.cucumber.testng.PickleWrapper,io.cucumber.testng.FeatureWrapper)[pri:0, instance:TestRunner.facebookTestRunner@248e319b]" started-at="2023-06-15T15:02:47 IST" name="runScenario" description="Runs Cucumber Scenarios" data-provider="scenarios" finished-at="2023-06-15T15:02:52 IST" duration-ms="4610" status="PASS">
          <params>
            <param index="0">
              <value>
                <![CDATA["Verify Facebook login with valid credentials"]]>
              </value>
            </param>
            <param index="1">
              <value>
                <![CDATA["Facebook login functionality"]]>
              </value>
            </param>
          </params>
          <reporter-output>
          </reporter-output>
        </test-method> <!-- runScenario -->
        <test-method is-config="true" signature="tearDownClass()[pri:0, instance:TestRunner.facebookTestRunner@248e319b]" started-at="2023-06-15T15:02:52 IST" name="tearDownClass" finished-at="2023-06-15T15:02:52 IST" duration-ms="6" status="PASS">
          <reporter-output>
          </reporter-output>
        </test-method> <!-- tearDownClass -->
      </class> <!-- TestRunner.facebookTestRunner -->
    </test> <!-- TestChrome -->
  </suite> <!-- MultiBrowserSuite -->
</testng-results>
